<?xml version="1.0" encoding="UTF-8"?>
<testsuite name="LibraryTest" tests="1" skipped="0" failures="0" errors="0" timestamp="2017-02-27T21:23:03" hostname="CEC-BEN016-N2" time="0.011">
  <properties/>
  <testcase name="testSomeLibraryMethod" classname="LibraryTest" time="0.011"/>
  <system-out><![CDATA[]]></system-out>
  <system-err><![CDATA[]]></system-err>
</testsuite>
