<?xml version="1.0" encoding="UTF-8"?>
<testsuite name="Question2Test" tests="1" skipped="0" failures="0" errors="0" timestamp="2017-02-27T21:23:03" hostname="CEC-BEN016-N2" time="0.001">
  <properties/>
  <testcase name="testReturnBigger" classname="Question2Test" time="0.001"/>
  <system-out><![CDATA[]]></system-out>
  <system-err><![CDATA[]]></system-err>
</testsuite>
